2019-07-30 10:01:00 [scrapy.utils.log] INFO: Scrapy 1.5.0 started (bot: MtHotel)
2019-07-30 10:01:00 [scrapy.utils.log] INFO: Versions: lxml 4.2.1.0, libxml2 2.9.5, cssselect 1.0.3, parsel 1.4.0, w3lib 1.19.0, Twisted 18.4.0, Python 3.5.3 (v3.5.3:1880cb95a742, Jan 16 2017, 16:02:32) [MSC v.1900 64 bit (AMD64)], pyOpenSSL 18.0.0 (OpenSSL 1.1.0h  27 Mar 2018), cryptography 2.2.2, Platform Windows-7-6.1.7601-SP1
2019-07-30 10:01:00 [scrapy.crawler] INFO: Overridden settings: {'AUTOTHROTTLE_ENABLED': True, 'BOT_NAME': 'MtHotel', 'LOG_LEVEL': 'INFO', 'ROBOTSTXT_OBEY': True, 'NEWSPIDER_MODULE': 'MtHotel.spiders', 'SCHEDULER': 'scrapy_redis.scheduler.Scheduler', 'SPIDER_MODULES': ['MtHotel.spiders'], 'DUPEFILTER_CLASS': 'scrapy_redis.dupefilter.RFPDupeFilter', 'DOWNLOAD_DELAY': 1, 'LOG_FILE': 'hotel.log', 'SPIDER_LOADER_WARN_ONLY': True, 'AUTOTHROTTLE_START_DELAY': 1}
2019-07-30 10:01:00 [scrapy.middleware] INFO: Enabled extensions:
['scrapy.extensions.telnet.TelnetConsole',
 'scrapy.extensions.corestats.CoreStats',
 'scrapy.extensions.throttle.AutoThrottle',
 'scrapy.extensions.logstats.LogStats']
2019-07-30 10:01:00 [mtHotel] INFO: Reading start URLs from redis key 'mtHotel:start_url' (batch size: 16, encoding: utf8
2019-07-30 10:01:01 [scrapy.middleware] INFO: Enabled downloader middlewares:
['MtHotel.middlewares.ProxyMiddleware',
 'scrapy.downloadermiddlewares.robotstxt.RobotsTxtMiddleware',
 'scrapy.downloadermiddlewares.httpauth.HttpAuthMiddleware',
 'scrapy.downloadermiddlewares.downloadtimeout.DownloadTimeoutMiddleware',
 'scrapy.downloadermiddlewares.defaultheaders.DefaultHeadersMiddleware',
 'scrapy.downloadermiddlewares.useragent.UserAgentMiddleware',
 'scrapy.downloadermiddlewares.retry.RetryMiddleware',
 'scrapy.downloadermiddlewares.redirect.MetaRefreshMiddleware',
 'scrapy.downloadermiddlewares.httpcompression.HttpCompressionMiddleware',
 'scrapy.downloadermiddlewares.redirect.RedirectMiddleware',
 'scrapy.downloadermiddlewares.cookies.CookiesMiddleware',
 'scrapy.downloadermiddlewares.httpproxy.HttpProxyMiddleware',
 'scrapy.downloadermiddlewares.stats.DownloaderStats']
2019-07-30 10:01:01 [scrapy.middleware] INFO: Enabled spider middlewares:
['scrapy.spidermiddlewares.httperror.HttpErrorMiddleware',
 'scrapy.spidermiddlewares.offsite.OffsiteMiddleware',
 'scrapy.spidermiddlewares.referer.RefererMiddleware',
 'scrapy.spidermiddlewares.urllength.UrlLengthMiddleware',
 'scrapy.spidermiddlewares.depth.DepthMiddleware']
2019-07-30 10:01:01 [scrapy.middleware] INFO: Enabled item pipelines:
['MtHotel.pipelines.MthotelPipeline']
2019-07-30 10:01:01 [scrapy.core.engine] INFO: Spider opened
2019-07-30 10:01:01 [scrapy.extensions.logstats] INFO: Crawled 0 pages (at 0 pages/min), scraped 0 items (at 0 items/min)
2019-07-30 10:01:03 [root] INFO: 总共：50,当前页共：20条数据
2019-07-30 10:01:03 [root] INFO: 第2页
2019-07-30 10:01:03 [root] ERROR: https://ihotel.meituan.com/hbsearch/HotelSearch?attr_28=129&startDay=20190730&version_name=999.9&limit=20&uuid=D1D1A99BD7618F166DF6B1ADD7C66BF92F0681919022A334B0E495FCC9A048C6&endDay=20190730&cityId=137&utm_medium=pc&cateId=20
2019-07-30 10:01:04 [root] INFO: 总共：7,当前页共：20条数据
2019-07-30 10:01:04 [root] INFO: 第3页
2019-07-30 10:01:04 [root] ERROR: https://ihotel.meituan.com/hbsearch/HotelSearch?attr_28=129&startDay=20190730&version_name=999.9&limit=20&uuid=D1D1A99BD7618F166DF6B1ADD7C66BF92F0681919022A334B0E495FCC9A048C6&endDay=20190730&cityId=829&utm_medium=pc&cateId=20
2019-07-30 10:01:04 [root] INFO: 爱巢宾馆：入库成功
2019-07-30 10:01:05 [root] INFO: 总共：13,当前页共：20条数据
2019-07-30 10:01:05 [root] INFO: 第4页
2019-07-30 10:01:05 [root] ERROR: https://ihotel.meituan.com/hbsearch/HotelSearch?attr_28=129&startDay=20190730&version_name=999.9&limit=20&uuid=D1D1A99BD7618F166DF6B1ADD7C66BF92F0681919022A334B0E495FCC9A048C6&endDay=20190730&cityId=254&utm_medium=pc&cateId=20
2019-07-30 10:01:06 [root] INFO: 思麦尔国际酒店：入库成功
2019-07-30 10:01:07 [root] INFO: 总共：9,当前页共：20条数据
2019-07-30 10:01:07 [root] INFO: 第5页
2019-07-30 10:01:07 [root] ERROR: https://ihotel.meituan.com/hbsearch/HotelSearch?attr_28=129&startDay=20190730&version_name=999.9&limit=20&uuid=D1D1A99BD7618F166DF6B1ADD7C66BF92F0681919022A334B0E495FCC9A048C6&endDay=20190730&cityId=609&utm_medium=pc&cateId=20
2019-07-30 10:01:07 [root] INFO: 爱尚主题酒店：入库成功
2019-07-30 10:01:08 [root] INFO: 总共：67,当前页共：20条数据
2019-07-30 10:01:08 [root] INFO: 第6页
2019-07-30 10:01:08 [root] ERROR: https://ihotel.meituan.com/hbsearch/HotelSearch?attr_28=129&startDay=20190730&version_name=999.9&limit=20&uuid=D1D1A99BD7618F166DF6B1ADD7C66BF92F0681919022A334B0E495FCC9A048C6&endDay=20190730&cityId=185&utm_medium=pc&cateId=20
2019-07-30 10:01:09 [root] INFO: 希悦客栈：入库成功
2019-07-30 10:01:09 [root] INFO: 总共：8,当前页共：20条数据
2019-07-30 10:01:09 [root] INFO: 第7页
2019-07-30 10:01:09 [root] ERROR: https://ihotel.meituan.com/hbsearch/HotelSearch?attr_28=129&startDay=20190730&version_name=999.9&limit=20&uuid=D1D1A99BD7618F166DF6B1ADD7C66BF92F0681919022A334B0E495FCC9A048C6&endDay=20190730&cityId=575&utm_medium=pc&cateId=20
2019-07-30 10:01:10 [root] INFO: 世博酒店：入库成功
2019-07-30 10:01:11 [root] INFO: 总共：68,当前页共：20条数据
2019-07-30 10:01:11 [root] INFO: 第8页
2019-07-30 10:01:11 [root] ERROR: https://ihotel.meituan.com/hbsearch/HotelSearch?attr_28=129&startDay=20190730&version_name=999.9&limit=20&uuid=D1D1A99BD7618F166DF6B1ADD7C66BF92F0681919022A334B0E495FCC9A048C6&endDay=20190730&cityId=114&utm_medium=pc&cateId=20
2019-07-30 10:01:11 [root] INFO: 韵秋之家时尚宾馆：入库成功
2019-07-30 10:01:12 [root] INFO: 总共：46,当前页共：20条数据
2019-07-30 10:01:12 [root] INFO: 第9页
2019-07-30 10:01:12 [root] ERROR: https://ihotel.meituan.com/hbsearch/HotelSearch?attr_28=129&startDay=20190730&version_name=999.9&limit=20&uuid=D1D1A99BD7618F166DF6B1ADD7C66BF92F0681919022A334B0E495FCC9A048C6&endDay=20190730&cityId=364&utm_medium=pc&cateId=20
2019-07-30 10:01:12 [root] INFO: 景程商务宾馆：入库成功
2019-07-30 10:01:13 [root] INFO: 总共：7,当前页共：20条数据
2019-07-30 10:01:13 [root] INFO: 度美假日酒店：入库成功
2019-07-30 10:01:14 [root] INFO: 总共：7,当前页共：20条数据
2019-07-30 10:01:15 [root] INFO: 日暮里民宿：入库成功
2019-07-30 10:01:16 [root] INFO: 艾伦精品酒店：入库成功
2019-07-30 10:01:16 [root] INFO: 玉龙锦大酒店：入库成功
2019-07-30 10:01:17 [root] INFO: 总共：50,当前页共：20条数据
2019-07-30 10:01:17 [root] INFO: 第10页
2019-07-30 10:01:17 [root] ERROR: https://ihotel.meituan.com/hbsearch/HotelSearch?attr_28=129&startDay=20190730&version_name=999.9&limit=20&uuid=D1D1A99BD7618F166DF6B1ADD7C66BF92F0681919022A334B0E495FCC9A048C6&endDay=20190730&cityId=293&utm_medium=pc&cateId=20
2019-07-30 10:01:18 [root] INFO: 总共：5,当前页共：20条数据
2019-07-30 10:01:18 [root] INFO: 尚寝 · 希尔曼酒店：入库成功
2019-07-30 10:01:19 [root] INFO: 总共：6,当前页共：20条数据
2019-07-30 10:01:19 [root] INFO: 德尊大酒店：入库成功
2019-07-30 10:01:20 [root] INFO: 希悦酒店：入库成功
2019-07-30 10:01:20 [root] INFO: 总共：50,当前页共：20条数据
2019-07-30 10:01:20 [root] INFO: 第11页
2019-07-30 10:01:20 [root] ERROR: https://ihotel.meituan.com/hbsearch/HotelSearch?attr_28=129&startDay=20190730&version_name=999.9&limit=20&uuid=D1D1A99BD7618F166DF6B1ADD7C66BF92F0681919022A334B0E495FCC9A048C6&endDay=20190730&cityId=232&utm_medium=pc&cateId=20
2019-07-30 10:01:21 [root] ERROR: https://ihotel.meituan.com/hbsearch/HotelSearch?attr_28=129&startDay=20190730&version_name=999.9&limit=20&uuid=D1D1A99BD7618F166DF6B1ADD7C66BF92F0681919022A334B0E495FCC9A048C6&endDay=20190730&cityId=1&utm_medium=pc&cateId=20
2019-07-30 10:01:21 [root] INFO: 天水饭店：入库成功
2019-07-30 10:01:22 [root] INFO: 禾杏美景大酒店：入库成功
2019-07-30 10:01:24 [root] INFO: 兰溪国际大酒店：入库成功
2019-07-30 10:01:25 [root] INFO: 国泰大酒店：入库成功
2019-07-30 10:01:26 [root] INFO: 兰江大厦：入库成功
2019-07-30 10:01:27 [root] INFO: 景澜商务宾馆：入库成功
2019-07-30 10:01:30 [root] INFO: 天成假日酒店：入库成功
2019-07-30 10:01:31 [root] INFO: 新庄园大酒店：入库成功
2019-07-30 10:01:32 [root] INFO: 南峰大酒店：入库成功
2019-07-30 10:01:34 [root] INFO: 圣悦酒店：入库成功
2019-07-30 10:01:35 [root] ERROR: https://ihotel.meituan.com/hbsearch/HotelSearch?attr_28=129&startDay=20190730&version_name=999.9&limit=20&uuid=D1D1A99BD7618F166DF6B1ADD7C66BF92F0681919022A334B0E495FCC9A048C6&endDay=20190730&cityId=350&utm_medium=pc&cateId=20
2019-07-30 10:01:35 [root] INFO: 鲤鱼文化酒店：入库成功
2019-07-30 10:01:36 [root] INFO: 迪拜新景酒店：入库成功
2019-07-30 10:01:37 [root] INFO: 2046英皇宾馆：入库成功
2019-07-30 10:01:39 [root] INFO: 荣盛酒店：入库成功
2019-07-30 10:01:39 [root] INFO: M9城市酒店：入库成功
2019-07-30 10:01:41 [root] INFO: O2连锁酒店(水晶店)：入库成功
2019-07-30 10:01:42 [root] INFO: 青年驿栈：入库成功
2019-07-30 10:01:43 [root] INFO: 万尖酒店：入库成功
2019-07-30 10:01:45 [root] INFO: 京山大酒店：入库成功
2019-07-30 10:01:46 [root] INFO: 东杰国际大酒店：入库成功
2019-07-30 10:01:47 [root] INFO: 薇爱时尚酒店：入库成功
2019-07-30 10:01:48 [root] INFO: 途悦大酒店：入库成功
2019-07-30 10:02:01 [scrapy.extensions.logstats] INFO: Crawled 54 pages (at 54 pages/min), scraped 36 items (at 36 items/min)
2019-07-30 10:02:13 [root] INFO: 香格里拉酒店(丹溪大道店)：入库成功
2019-07-30 10:02:34 [root] INFO: 六鑫商务酒店：入库成功
2019-07-30 10:02:35 [root] INFO: 爱尚主题酒店：入库成功
2019-07-30 10:02:43 [root] INFO: 阅江精选酒店：入库成功
2019-07-30 10:02:48 [root] INFO: 栖燕居商务宾馆：入库成功
2019-07-30 10:02:50 [root] INFO: 兰溪世纪王朝大酒店：入库成功
2019-07-30 10:02:51 [root] INFO: 新德里公寓酒店：入库成功
2019-07-30 10:02:52 [root] INFO: 陆丰佳佳快捷酒店：入库成功
2019-07-30 10:02:54 [root] INFO: 兰溪今朝酒店：入库成功
2019-07-30 10:02:55 [root] INFO: 印象假日宾馆：入库成功
2019-07-30 10:02:57 [root] INFO: 鄂东之家电竞宾馆：入库成功
2019-07-30 10:02:58 [root] INFO: 东方宾馆(陇昌路店)：入库成功
2019-07-30 10:02:59 [root] INFO: 帝尧酒店：入库成功
2019-07-30 10:03:01 [root] INFO: 狮子楼大酒店：入库成功
2019-07-30 10:03:01 [scrapy.extensions.logstats] INFO: Crawled 68 pages (at 14 pages/min), scraped 50 items (at 14 items/min)
2019-07-30 10:03:02 [root] INFO: 防城港华业城度假酒店：入库成功
2019-07-30 10:03:03 [root] INFO: 福莱假日酒店：入库成功
2019-07-30 10:03:05 [root] INFO: 禹州尚景精选酒店：入库成功
2019-07-30 10:03:06 [root] INFO: 書信客栈：入库成功
2019-07-30 10:03:07 [root] INFO: 融鑫假日酒店：入库成功
2019-07-30 10:03:10 [root] INFO: 邦尼的家客栈：入库成功
2019-07-30 10:03:10 [root] INFO: 仟纳酒店：入库成功
2019-07-30 10:03:12 [root] INFO: 南国花园宾馆：入库成功
2019-07-30 10:03:13 [root] INFO: 博浪温泉洗浴宾馆：入库成功
2019-07-30 10:03:14 [root] INFO: IU酒店(霸州步行街店)：入库成功
2019-07-30 10:03:15 [root] INFO: 拾光青年宾馆：入库成功
2019-07-30 10:03:16 [root] INFO: 芭比时尚欢乐酒店：入库成功
2019-07-30 10:03:28 [root] INFO: 恒盛主题宾馆：入库成功
2019-07-30 10:03:36 [root] INFO: 芒果印象酒店：入库成功
2019-07-30 10:03:48 [root] INFO: 海澜商务酒店：入库成功
2019-07-30 10:03:56 [root] INFO: 中州假日快捷宾馆：入库成功
2019-07-30 10:04:00 [root] INFO: 盛唐主题宾馆：入库成功
2019-07-30 10:04:01 [scrapy.extensions.logstats] INFO: Crawled 85 pages (at 17 pages/min), scraped 67 items (at 17 items/min)
2019-07-30 10:04:04 [root] INFO: 阳光宾馆：入库成功
2019-07-30 10:04:05 [root] INFO: 何庄快捷宾馆：入库成功
2019-07-30 10:04:07 [root] INFO: 明府宾馆：入库成功
2019-07-30 10:04:08 [root] INFO: 丝雲酒店：入库成功
2019-07-30 10:04:08 [root] INFO: 蓝梦丽舍艺术酒店：入库成功
2019-07-30 10:04:09 [root] INFO: 新体育场公寓：入库成功
2019-07-30 10:04:10 [root] INFO: 金盾快捷酒店：入库成功
2019-07-30 10:04:12 [root] INFO: 宏泰快捷酒店：入库成功
2019-07-30 10:04:13 [root] INFO: 原阳县新城区新七天宾馆：入库成功
2019-07-30 10:04:15 [root] INFO: 玄武山大酒店：入库成功
2019-07-30 10:04:15 [root] INFO: 锦江之星(天水春风路店)：入库成功
2019-07-30 10:04:17 [root] INFO: 哈瑞斯宾馆：入库成功
2019-07-30 10:04:18 [root] INFO: 遇见精品酒店：入库成功
2019-07-30 10:04:20 [root] INFO: 汉庭(陆丰人民桥店)：入库成功
2019-07-30 10:04:21 [root] INFO: 福清瑞鑫大酒店：入库成功
2019-07-30 10:04:22 [root] INFO: 万龙宾馆：入库成功
2019-07-30 10:04:24 [root] INFO: 鑫都商务酒店：入库成功
2019-07-30 10:04:25 [root] INFO: F城市酒店：入库成功
2019-07-30 10:04:26 [root] INFO: 陆丰海韵假日酒店：入库成功
2019-07-30 10:04:27 [root] INFO: 东安快捷酒店：入库成功
2019-07-30 10:04:28 [root] INFO: 永松商务酒店：入库成功
2019-07-30 10:04:29 [root] INFO: 东陆酒店：入库成功
2019-07-30 10:04:30 [root] INFO: 速8酒店(福清上郑路口店)：入库成功
2019-07-30 10:04:32 [root] INFO: 樱花主题酒店：入库成功
2019-07-30 10:04:33 [root] INFO: 阡云漠上主题酒店：入库成功
2019-07-30 10:04:34 [root] INFO: 蓝海景阳冈大酒店：入库成功
2019-07-30 10:04:35 [root] INFO: 壹间公寓：入库成功
2019-07-30 10:04:36 [root] INFO: 西雅图主题宾馆：入库成功
2019-07-30 10:04:38 [root] INFO: 东方之星酒店(大学店)：入库成功
2019-07-30 10:04:39 [root] INFO: 奥特瑞格主题酒店：入库成功
2019-07-30 10:04:40 [root] INFO: 杭州湾国际酒店：入库成功
2019-07-30 10:04:42 [root] INFO: 高朋商务宾馆：入库成功
2019-07-30 10:04:43 [root] INFO: 速8酒店(隆泰店)：入库成功
2019-07-30 10:04:44 [root] INFO: 速8酒店(天水泰山北路店)：入库成功
2019-07-30 10:04:46 [root] INFO: 凯瑞国际大酒店(原凤凰假日酒店)：入库成功
2019-07-30 10:04:47 [root] INFO: 湖畔别苑客栈：入库成功
2019-07-30 10:04:48 [root] INFO: 海洋庄园：入库成功
2019-07-30 10:04:50 [root] INFO: 金色港湾假日酒店：入库成功
2019-07-30 10:04:51 [root] INFO: 华逸酒店：入库成功
2019-07-30 10:04:51 [root] INFO: 我们酒店：入库成功
2019-07-30 10:04:52 [root] INFO: 领豪时尚快捷酒店：入库成功
2019-07-30 10:04:53 [root] INFO: 宜家宾馆(原水利局招待所)：入库成功
2019-07-30 10:04:54 [root] INFO: 凯瑞国际酒店：入库成功
2019-07-30 10:04:56 [root] INFO: 爱玺主题酒店：入库成功
2019-07-30 10:04:56 [root] INFO: 速8酒店(鄂州文星大道店)：入库成功
2019-07-30 10:05:01 [scrapy.extensions.logstats] INFO: Crawled 130 pages (at 45 pages/min), scraped 112 items (at 45 items/min)
2019-07-30 10:05:24 [root] INFO: 观海假日酒店：入库成功
2019-07-30 10:05:51 [root] INFO: 格瑞斯商务酒店：入库成功
2019-07-30 10:06:01 [scrapy.extensions.logstats] INFO: Crawled 132 pages (at 2 pages/min), scraped 114 items (at 2 items/min)
2019-07-30 10:06:02 [root] INFO: 立都国际大酒店：入库成功
2019-07-30 10:06:08 [root] INFO: 兰天大酒店：入库成功
2019-07-30 10:06:11 [root] INFO: 丽都时尚商务宾馆：入库成功
2019-07-30 10:06:13 [root] INFO: 侯马庆丰国际酒店：入库成功
2019-07-30 10:06:15 [root] INFO: 英格兰假日酒店：入库成功
2019-07-30 10:06:16 [root] INFO: 天水麦积山温泉旅游酒店：入库成功
2019-07-30 10:06:17 [root] INFO: 致青春快捷酒店：入库成功
2019-07-30 10:06:18 [root] INFO: 晟瑞大酒店：入库成功
2019-07-30 10:06:19 [root] INFO: 南龙大酒店：入库成功
2019-07-30 10:06:21 [root] INFO: 森源浪漫主题酒店：入库成功
2019-07-30 10:06:22 [root] INFO: 鄂州柏斯特酒店：入库成功
2019-07-30 10:06:25 [root] INFO: 维也纳酒店(临汾迎春街店)：入库成功
2019-07-30 10:06:26 [root] INFO: 嘉善景辰大酒店：入库成功
2019-07-30 10:06:27 [root] INFO: 欧辰电影主题酒店：入库成功
2019-07-30 10:06:27 [root] INFO: 桃花源私人管家酒店：入库成功
2019-07-30 10:06:28 [root] INFO: 星途电影主题酒店：入库成功
2019-07-30 10:06:29 [root] INFO: 海中城假日大酒店：入库成功
2019-07-30 10:06:31 [root] INFO: 福清创元千禧大酒店：入库成功
2019-07-30 10:06:32 [root] INFO: 尚庭精致酒店：入库成功
2019-07-30 10:06:33 [root] INFO: 维也纳酒店(防城港深澳店)：入库成功
2019-07-30 10:06:34 [root] INFO: 天都宾馆：入库成功
2019-07-30 10:06:36 [root] INFO: 全季酒店(聊城东昌湖店)：入库成功
2019-07-30 10:06:39 [root] INFO: 鸿之润酒店(原鸿润花园酒店)：入库成功
2019-07-30 10:06:40 [root] INFO: 泊逸精品酒店(兰花路店)：入库成功
2019-07-30 10:06:41 [root] INFO: 福清天河大酒店：入库成功
2019-07-30 10:06:44 [root] INFO: 海格精品酒店(江南摩尔店)：入库成功
2019-07-30 10:06:44 [root] INFO: 光洋悦美酒店：入库成功
2019-07-30 10:06:57 [root] INFO: 希岸酒店(聊城市中心店)：入库成功
2019-07-30 10:07:01 [scrapy.extensions.logstats] INFO: Crawled 160 pages (at 28 pages/min), scraped 142 items (at 28 items/min)
2019-07-30 10:07:10 [root] INFO: 尚客优连锁酒店(华龙店)：入库成功
2019-07-30 10:07:21 [scrapy.core.downloader.handlers.http11] WARNING: Got data loss in https://hotel.meituan.com/4285092/. If you want to process broken responses set the setting DOWNLOAD_FAIL_ON_DATALOSS = False -- This message won't be shown in further requests
2019-07-30 10:07:27 [root] INFO: 锦江之星(嘉兴南湖店)：入库成功
2019-07-30 10:07:39 [root] INFO: 天水乡村小院：入库成功
2019-07-30 10:07:43 [root] INFO: 鹿都假日酒店：入库成功
2019-07-30 10:07:47 [root] INFO: 天水花园酒店：入库成功
2019-07-30 10:07:49 [root] INFO: 速8酒店(霸州胜芳店)：入库成功
2019-07-30 10:07:49 [root] INFO: 宜程酒店：入库成功
2019-07-30 10:07:50 [root] INFO: 鄂州东香国际大酒店：入库成功
2019-07-30 10:07:52 [root] INFO: 都市118精选酒店(天水师范学院店)：入库成功
2019-07-30 10:07:53 [root] INFO: 乐园时尚宾馆：入库成功
2019-07-30 10:07:55 [scrapy.core.downloader.handlers.http11] WARNING: Got data loss in https://hotel.meituan.com/3244864/. If you want to process broken responses set the setting DOWNLOAD_FAIL_ON_DATALOSS = False -- This message won't be shown in further requests
2019-07-30 10:07:56 [root] INFO: 小希尔顿酒店：入库成功
2019-07-30 10:07:56 [root] INFO: 金华快捷宾馆(一部)(原金华公寓)：入库成功
2019-07-30 10:07:57 [root] INFO: 如家酒店(鄂州火车站滨湖西路店)：入库成功
2019-07-30 10:07:58 [root] INFO: 城市便捷酒店(防城港群星大道店)：入库成功
2019-07-30 10:07:59 [root] INFO: 新乡云松国际酒店：入库成功
2019-07-30 10:08:00 [root] INFO: 凯斯顿精品酒店：入库成功
2019-07-30 10:08:01 [scrapy.extensions.logstats] INFO: Crawled 176 pages (at 16 pages/min), scraped 158 items (at 16 items/min)
2019-07-30 10:08:01 [root] INFO: 万福温泉宾馆：入库成功
2019-07-30 10:08:02 [root] INFO: 尚客优精选酒店(公主岭高铁南站店)：入库成功
2019-07-30 10:08:03 [root] INFO: 轻住·易成商务宾馆：入库成功
2019-07-30 10:08:04 [root] INFO: 鼎邦假日酒店：入库成功
2019-07-30 10:08:06 [root] INFO: 云里酒店(大悦城店)：入库成功
2019-07-30 10:08:07 [root] INFO: 太阳花酒店(金鼎东昌湖店)：入库成功
2019-07-30 10:08:08 [root] INFO: 99优选酒店(聊城火车站店)：入库成功
2019-07-30 10:08:09 [root] INFO: 旺角精品公寓：入库成功
2019-07-30 10:08:11 [root] INFO: 701快捷酒店(火车北站地铁站店)：入库成功
2019-07-30 10:08:12 [root] INFO: 7天连锁酒店(廊坊霸州胜芳店)(原7天阳光)：入库成功
2019-07-30 10:08:13 [root] INFO: 澳皇之家海景公寓酒店：入库成功
2019-07-30 10:08:16 [root] INFO: 黄河稻夫假日酒店：入库成功
2019-07-30 10:08:17 [root] INFO: 仕佳途上品酒店(平阳广场店)：入库成功
2019-07-30 10:08:18 [root] INFO: 尚客优连锁酒店(襄汾龙山路店)：入库成功
2019-07-30 10:08:22 [root] INFO: 柠檬树商务宾馆：入库成功
2019-07-30 10:08:27 [root] INFO: 霸州朋来商务宾馆：入库成功
2019-07-30 10:08:29 [root] INFO: 维也纳酒店(聊城大学店)：入库成功
2019-07-30 10:08:30 [root] INFO: 银杏白露精品酒店：入库成功
2019-07-30 10:08:31 [root] INFO: 雅庭假日酒店(人民路分店)：入库成功
2019-07-30 10:08:33 [root] INFO: 后璞Hoper电竞酒店(鄂州店)：入库成功
2019-07-30 10:08:34 [root] INFO: 东海大酒店：入库成功
2019-07-30 10:08:35 [root] INFO: 7天连锁酒店(聊城香江汽车站店)：入库成功
2019-07-30 10:08:36 [root] INFO: 新大泽酒店：入库成功
2019-07-30 10:08:37 [root] INFO: 文华东方酒店(交通巷店)：入库成功
2019-07-30 10:08:38 [scrapy.core.downloader.handlers.http11] WARNING: Got data loss in https://hotel.meituan.com/2519042/. If you want to process broken responses set the setting DOWNLOAD_FAIL_ON_DATALOSS = False -- This message won't be shown in further requests
2019-07-30 10:08:38 [root] INFO: 兰桂坊商务主题宾馆(霸州胜芳店)：入库成功
2019-07-30 10:08:39 [root] INFO: 艾斯凯精致酒店(原依恋概念主题酒店)：入库成功
2019-07-30 10:08:40 [root] INFO: 优诺恩酒店：入库成功
2019-07-30 10:08:41 [root] INFO: 派酒店(霸州汽车站店)：入库成功
2019-07-30 10:08:42 [root] INFO: 易佰连锁旅店(福清成龙步行街店)：入库成功
2019-07-30 10:08:43 [root] INFO: 佐邻佑里酒店：入库成功
2019-07-30 10:08:44 [root] INFO: 维也纳酒店(临汾襄汾北大街店)：入库成功
2019-07-30 10:08:46 [root] INFO: 精途酒店(鄂州葛店开发区广场店)：入库成功
2019-07-30 10:08:47 [root] INFO: 威尼斯温泉酒店：入库成功
2019-07-30 10:08:49 [root] INFO: 九天时尚酒店(玉屏店)：入库成功
2019-07-30 10:08:50 [root] INFO: 西城茉莉酒店：入库成功
2019-07-30 10:08:51 [root] INFO: 西塘烟雨江南景澜酒店：入库成功
2019-07-30 10:08:54 [root] INFO: 锦江之星风尚(临汾解放路店)：入库成功
2019-07-30 10:08:55 [root] INFO: 都市118连锁酒店(霸州李少春大剧院店)：入库成功
2019-07-30 10:08:56 [root] INFO: 恒荣大酒店：入库成功
2019-07-30 10:08:57 [root] INFO: 聊城蓝海禧华大饭店：入库成功
2019-07-30 10:08:58 [root] INFO: 卡瑞登·城市酒店(福清万达店)：入库成功
2019-07-30 10:08:59 [root] INFO: 城市便捷酒店(鄂州文星大道店)：入库成功
2019-07-30 10:09:01 [root] INFO: IU酒店(临汾侯马时代广场店)：入库成功
2019-07-30 10:09:01 [scrapy.extensions.logstats] INFO: Crawled 219 pages (at 43 pages/min), scraped 201 items (at 43 items/min)
2019-07-30 10:09:02 [root] INFO: 西塘何以·笙箫默客栈：入库成功
2019-07-30 10:09:03 [root] INFO: 7天连锁酒店(嘉兴嘉兴学院店)：入库成功
2019-07-30 10:09:04 [root] INFO: 金维咖酒店(御海店)：入库成功
2019-07-30 10:09:05 [root] INFO: 美宜家连锁酒店(禹州药城路店)：入库成功
2019-07-30 10:09:07 [root] INFO: 若爱主题酒店：入库成功
2019-07-30 10:09:08 [root] INFO: 7天优品酒店(公主岭市火车站店)：入库成功
2019-07-30 10:09:09 [root] INFO: 维也纳国际酒店(嘉兴南湖店)：入库成功
2019-07-30 10:09:10 [root] INFO: 金都快捷酒店(天水火车站金都商城店)：入库成功
2019-07-30 10:09:11 [root] INFO: 26°概念酒店：入库成功
2019-07-30 10:09:11 [root] INFO: 宜尚酒店(昆明火车站店)：入库成功
2019-07-30 10:09:18 [root] INFO: 桔子精选临汾五洲国际广场酒店：入库成功
2019-07-30 10:09:29 [root] INFO: 冠嘉商务酒店：入库成功
2019-07-30 10:09:35 [root] INFO: 麗枫酒店(嘉兴中山东路八佰伴店)：入库成功
2019-07-30 10:09:38 [root] INFO: 贝壳酒店(霸州博物馆迎宾东道店)：入库成功
2019-07-30 10:09:39 [root] INFO: 轻住·御园雅阁临河酒店：入库成功
2019-07-30 10:09:40 [root] INFO: 希岸·轻雅酒店(汕尾陆丰店)：入库成功
2019-07-30 10:09:41 [root] INFO: 城市便捷酒店(东兴北仑大道店)：入库成功
2019-07-30 10:09:42 [root] INFO: 日月兴商务宾馆：入库成功
2019-07-30 10:09:44 [root] INFO: 昆明市西山区玖玖酒店：入库成功
2019-07-30 10:09:45 [root] INFO: 倾城之恋精品酒店(兰溪中央广场店)：入库成功
2019-07-30 10:09:46 [root] INFO: 城市便捷酒店(鄂州大学莲花山店)：入库成功
2019-07-30 10:09:48 [root] INFO: 维也纳国际酒店(聊城开发区店)：入库成功
2019-07-30 10:09:49 [root] INFO: 锦江之星(昆明西昌路金马碧鸡坊店)：入库成功
2019-07-30 10:09:50 [root] INFO: 中庭假日酒店：入库成功
2019-07-30 10:09:51 [root] INFO: 百信MINI精品酒店：入库成功
2019-07-30 10:09:52 [root] INFO: 锦江之星品尚(天水火车站金都商厦店)：入库成功
2019-07-30 10:09:53 [root] INFO: 维也纳酒店(公主岭高铁站店)：入库成功
2019-07-30 10:09:54 [root] INFO: 如家联盟华驿酒店(聊城万达广场店)：入库成功
2019-07-30 10:09:55 [root] INFO: 如家酒店(霸州市政府裕华东道店)：入库成功
2019-07-30 10:09:57 [root] INFO: 法兰迪国际酒店：入库成功
2019-07-30 10:09:58 [root] INFO: 城市便捷酒店(鄂州恒大店)：入库成功
2019-07-30 10:09:59 [root] INFO: 宜居精品酒店：入库成功
2019-07-30 10:10:01 [root] INFO: 格林豪泰快捷酒店(高唐天齐庙商城店)：入库成功
2019-07-30 10:10:01 [scrapy.extensions.logstats] INFO: Crawled 252 pages (at 33 pages/min), scraped 234 items (at 33 items/min)
2019-07-30 10:10:02 [root] INFO: 佰顺酒店(南亚风情第壹城店)：入库成功
2019-07-30 10:10:03 [root] INFO: 维也纳国际酒店(防城港阳光海岸店)：入库成功
2019-07-30 10:10:04 [root] INFO: 城市便捷酒店(许昌禹州大禹像店)：入库成功
2019-07-30 10:10:06 [root] INFO: 金华快捷宾馆(三部)(原八达快捷酒店)：入库成功
2019-07-30 10:10:07 [root] INFO: 如家云上四季连锁酒店(昆明火车北站地铁站店)：入库成功
2019-07-30 10:10:08 [root] INFO: 宜尚酒店(陆丰龙潭路店)：入库成功
2019-07-30 10:10:09 [root] INFO: 阅竹云涧客栈(景区内临河店)：入库成功
2019-07-30 10:10:11 [root] INFO: 小熊电竞酒店：入库成功
2019-07-30 10:10:13 [root] INFO: 防城港途家斯维登度假公寓(双湾国际店)：入库成功
2019-07-30 10:10:14 [root] INFO: 泰华酒店(昆明站店)：入库成功
2019-07-30 10:10:16 [root] INFO: 亚美丽嘉精品主题酒店(世纪城店)：入库成功
2019-07-30 10:10:17 [root] INFO: 轻住·云晟主题酒店(昆明长水机场店)：入库成功
2019-07-30 10:10:18 [root] INFO: 维也纳国际酒店(嘉善店)：入库成功
2019-07-30 10:10:19 [root] INFO: 雅庭精品酒店(汕尾陆丰店)：入库成功
2019-07-30 10:10:20 [root] INFO: 喆·啡酒店(临汾向阳西路店)：入库成功
2019-07-30 10:10:21 [root] INFO: 格林豪泰贝壳酒店(霸州胜芳汽车站店)：入库成功
2019-07-30 10:10:23 [root] INFO: 古月庭院客栈(西塘古镇景区内店)：入库成功
2019-07-30 10:10:24 [root] INFO: 汉庭(新乡原阳黄河大道店)：入库成功
2019-07-30 10:10:26 [root] INFO: 劳工商务宾馆：入库成功
2019-07-30 10:10:26 [root] INFO: 尚客优精选酒店(禹州滨河路店)：入库成功
2019-07-30 10:10:28 [root] INFO: 非繁·城品酒店(聊城市中心五星百货店)：入库成功
2019-07-30 10:10:28 [root] INFO: 希岸·轻雅酒店(临汾火车站店)：入库成功
2019-07-30 10:10:31 [root] INFO: 昆明璞悦大酒店(长水国际机场店)：入库成功
2019-07-30 10:10:48 [root] INFO: 7天连锁酒店(聊城火车站兴华西路店)：入库成功
2019-07-30 10:11:01 [scrapy.extensions.logstats] INFO: Crawled 276 pages (at 24 pages/min), scraped 258 items (at 24 items/min)
2019-07-30 10:11:03 [root] INFO: 青树藤酒店(聊城汽车总站万达广场店)：入库成功
2019-07-30 10:11:22 [root] INFO: 锦江之星(昆明世纪城珥季路地铁站店)：入库成功
2019-07-30 10:11:25 [root] INFO: 7天连锁酒店(廊坊霸州火车站店)(原富丽华大酒店)：入库成功
2019-07-30 10:11:28 [root] INFO: 尚客优精选酒店(鄂州武汉东海洋世界店)：入库成功
2019-07-30 10:11:38 [root] INFO: 速8酒店(天水麦积火车站渭河风情线店)：入库成功
2019-07-30 10:11:48 [root] INFO: 梵俪主题酒店：入库成功
2019-07-30 10:11:49 [root] INFO: 维也纳智好酒店(汕尾陆丰碣石汽车站店)：入库成功
2019-07-30 10:11:53 [root] INFO: 7天连锁酒店(新乡原阳客运站店)：入库成功
2019-07-30 10:11:53 [root] INFO: 如家酒店·neo(聊城火车站东昌湖店)：入库成功
2019-07-30 10:11:55 [root] INFO: 维也纳国际酒店(龙鼎万达广场店)：入库成功
2019-07-30 10:11:56 [root] INFO: 好家之星酒店(火车站人民医院店)：入库成功
2019-07-30 10:11:58 [root] INFO: 麗枫酒店(霸州胜芳店)：入库成功
2019-07-30 10:11:58 [root] INFO: 明凡居连锁酒店(财富中心欣都龙城店)：入库成功
2019-07-30 10:12:00 [root] INFO: 7天连锁酒店(汕尾陆丰汽车总站店)(原7天阳光)：入库成功
2019-07-30 10:12:01 [scrapy.extensions.logstats] INFO: Crawled 290 pages (at 14 pages/min), scraped 272 items (at 14 items/min)
2019-07-30 10:12:02 [root] INFO: 维也纳国际酒店(防城港行政中心高铁站店)：入库成功
2019-07-30 10:12:03 [root] INFO: 如家酒店·neo(昆明经开区昌宏路店)：入库成功
2019-07-30 10:12:04 [root] INFO: 如家酒店(昆明拓东体育馆地铁站店)(原董家湾店)：入库成功
2019-07-30 10:12:05 [root] INFO: 麗枫酒店(临汾滨河东路御景水城店)：入库成功
2019-07-30 10:12:06 [root] INFO: 7天优品酒店(昆明新亚洲体育城地铁站店)：入库成功
2019-07-30 10:12:08 [root] INFO: 如家酒店(嘉兴南湖江南大厦店)：入库成功
2019-07-30 10:12:09 [root] INFO: 速8酒店(福州福清宏路宏翰店)：入库成功
2019-07-30 10:12:09 [root] INFO: 且客酒店：入库成功
2019-07-30 10:15:25 [root] INFO: 小飞假日宾馆：入库成功
2019-07-30 10:15:26 [root] INFO: 华如商务宾馆：入库成功
2019-07-30 10:15:27 [root] INFO: 华庭宾馆(宝清店)：入库成功
2019-07-30 10:15:28 [root] INFO: 禧龙宾馆(双鸭山店)：入库成功
2019-07-30 10:15:29 [root] INFO: 双鸭山阳霖大酒店：入库成功
2019-07-30 10:15:31 [root] INFO: 双鸭山学府商务宾馆：入库成功
2019-07-30 10:15:32 [root] INFO: 温都主题宾馆：入库成功
2019-07-30 10:15:33 [root] INFO: 鑫友谊大酒店：入库成功
2019-07-30 10:15:34 [root] INFO: 樱花时尚快捷宾馆：入库成功
2019-07-30 10:15:35 [root] INFO: 米罗尔宾馆(新华路店)：入库成功
2019-07-30 10:15:36 [root] INFO: 总共：50,当前页共：20条数据
2019-07-30 10:15:36 [root] INFO: 第13页
2019-07-30 10:15:36 [root] ERROR: https://ihotel.meituan.com/hbsearch/HotelSearch?utm_medium=pc&limit=20&startDay=20190730&endDay=20190730&cateId=20&attr_28=129&cityId=177&uuid=74BA5310CB502E46768AFF8C2FCFFCD23BB9F81EDB3D518D385A9BB5C2A6E675&version_name=999.9
2019-07-30 10:15:37 [root] INFO: 禧龙宾馆(集贤店)：入库成功
2019-07-30 10:15:38 [root] INFO: 友悦主题宾馆：入库成功
2019-07-30 10:15:39 [root] INFO: 盛隆时尚宾馆：入库成功
2019-07-30 10:15:40 [root] INFO: 港汇宾馆：入库成功
2019-07-30 10:15:41 [root] INFO: 美希精品酒店：入库成功
2019-07-30 10:15:43 [root] INFO: 鸿嘉公馆：入库成功
2019-07-30 10:15:44 [root] INFO: 水晶情侣宾馆：入库成功
2019-07-30 10:15:45 [root] INFO: 东方凯悦商务酒店：入库成功
2019-07-30 10:15:46 [root] INFO: 好彩生活酒店：入库成功
2019-07-30 10:15:47 [root] INFO: 总共：50,当前页共：20条数据
2019-07-30 10:15:47 [root] INFO: 第14页
2019-07-30 10:15:47 [root] ERROR: https://ihotel.meituan.com/hbsearch/HotelSearch?utm_medium=pc&limit=20&startDay=20190730&endDay=20190730&cateId=20&attr_28=129&cityId=312&uuid=74BA5310CB502E46768AFF8C2FCFFCD23BB9F81EDB3D518D385A9BB5C2A6E675&version_name=999.9
2019-07-30 10:15:47 [root] INFO: 欧陆大酒店：入库成功
2019-07-30 10:15:48 [root] INFO: 金龙滩商务会馆：入库成功
2019-07-30 10:15:50 [root] INFO: 九号商务宾馆：入库成功
2019-07-30 10:15:51 [root] INFO: 海伦万豪宾馆：入库成功
2019-07-30 10:15:52 [root] INFO: 西雅图酒店：入库成功
2019-07-30 10:15:53 [root] INFO: 总共：3,当前页共：20条数据
2019-07-30 10:15:54 [root] INFO: 中港遇见酒店：入库成功
2019-07-30 10:15:55 [root] INFO: 恒丰园宾馆：入库成功
2019-07-30 10:15:56 [root] INFO: 紫恒酒店：入库成功
2019-07-30 10:15:57 [root] INFO: 总共：8,当前页共：20条数据
2019-07-30 10:15:57 [root] INFO: 星辰大酒店：入库成功
2019-07-30 10:15:57 [root] INFO: 总共：54,当前页共：20条数据
2019-07-30 10:15:57 [root] INFO: 第15页
2019-07-30 10:15:57 [root] ERROR: https://ihotel.meituan.com/hbsearch/HotelSearch?utm_medium=pc&limit=20&startDay=20190730&endDay=20190730&cateId=20&attr_28=129&cityId=308&uuid=74BA5310CB502E46768AFF8C2FCFFCD23BB9F81EDB3D518D385A9BB5C2A6E675&version_name=999.9
2019-07-30 10:15:58 [root] INFO: 成都宾馆：入库成功
2019-07-30 10:15:59 [root] INFO: 华瑞酒店：入库成功
2019-07-30 10:16:01 [root] INFO: 藏缘商务宾馆：入库成功
2019-07-30 10:16:01 [scrapy.extensions.logstats] INFO: Crawled 399 pages (at 38 pages/min), scraped 311 items (at 31 items/min)
2019-07-30 10:16:01 [root] INFO: 宏炜宾馆：入库成功
2019-07-30 10:16:03 [root] INFO: 隆迈家族商务酒店：入库成功
2019-07-30 10:16:04 [root] INFO: 信江源大酒店：入库成功
2019-07-30 10:16:05 [root] INFO: 爱尚丽思酒店：入库成功
2019-07-30 10:16:07 [root] INFO: 天尚商务宾馆：入库成功
2019-07-30 10:16:08 [root] INFO: 边原商务快捷宾馆：入库成功
2019-07-30 10:16:09 [root] INFO: 金都旅馆：入库成功
2019-07-30 10:16:10 [root] INFO: 索非特酒店：入库成功
2019-07-30 10:16:11 [root] INFO: 东北青年旅馆：入库成功
2019-07-30 10:16:12 [root] INFO: 三峡宾馆：入库成功
2019-07-30 10:16:14 [root] INFO: 红兴商务宾馆：入库成功
2019-07-30 10:16:15 [root] INFO: 伊佳人客栈：入库成功
2019-07-30 10:16:16 [root] INFO: 银河大酒店(原邮政宾馆)：入库成功
2019-07-30 10:16:17 [root] INFO: 家味宾馆：入库成功
2019-07-30 10:16:18 [root] INFO: 总共：20,当前页共：20条数据
2019-07-30 10:16:18 [root] INFO: 第16页
2019-07-30 10:16:18 [root] ERROR: https://ihotel.meituan.com/hbsearch/HotelSearch?utm_medium=pc&limit=20&startDay=20190730&endDay=20190730&cateId=20&attr_28=129&cityId=496&uuid=74BA5310CB502E46768AFF8C2FCFFCD23BB9F81EDB3D518D385A9BB5C2A6E675&version_name=999.9
2019-07-30 10:16:19 [root] INFO: 四海客栈：入库成功
2019-07-30 10:16:20 [root] INFO: 立信宾馆：入库成功
2019-07-30 10:16:21 [root] INFO: 噶尔如意宾馆：入库成功
2019-07-30 10:16:22 [root] INFO: 院里院外主题酒店：入库成功
2019-07-30 10:16:25 [root] INFO: 三清山梯云岭山庄：入库成功
2019-07-30 10:16:26 [root] INFO: 双发大酒店：入库成功
2019-07-30 10:16:26 [root] INFO: 泉林山庄：入库成功
2019-07-30 10:16:27 [root] INFO: 总共：13,当前页共：20条数据
2019-07-30 10:16:28 [root] INFO: 三清山卧龙国际酒店：入库成功
2019-07-30 10:16:29 [root] INFO: 盛和里酒店：入库成功
2019-07-30 10:16:30 [root] INFO: 青州青都国际大饭店：入库成功
2019-07-30 10:16:31 [root] INFO: 明星酒店：入库成功
2019-07-30 10:16:32 [root] INFO: 世纪村酒店：入库成功
2019-07-30 10:16:33 [root] INFO: 山涻民宿：入库成功
2019-07-30 10:16:34 [root] INFO: 总共：11,当前页共：20条数据
2019-07-30 10:16:34 [root] INFO: 安逸酒店(遂宁店)：入库成功
2019-07-30 10:16:35 [root] INFO: 普海商务酒店：入库成功
2019-07-30 10:16:36 [root] INFO: 世家风尚酒店(海阳路店)：入库成功
2019-07-30 10:16:37 [root] ERROR: https://ihotel.meituan.com/hbsearch/HotelSearch?utm_medium=pc&limit=20&startDay=20190730&endDay=20190730&cateId=20&attr_28=129&cityId=584&uuid=74BA5310CB502E46768AFF8C2FCFFCD23BB9F81EDB3D518D385A9BB5C2A6E675&version_name=999.9
2019-07-30 10:16:37 [root] INFO: 中洋大酒店：入库成功
2019-07-30 10:16:38 [root] INFO: 总共：3,当前页共：20条数据
2019-07-30 10:16:38 [root] INFO: 林宇时尚宾馆：入库成功
2019-07-30 10:16:39 [root] INFO: 2020轻奢时尚酒店：入库成功
2019-07-30 10:16:40 [root] INFO: 总共：1,当前页共：3条数据
2019-07-30 10:16:41 [root] INFO: 如皋悦·星城酒店：入库成功
2019-07-30 10:16:41 [root] INFO: 总共：7,当前页共：20条数据
2019-07-30 10:16:41 [root] INFO: 如皋凯迪商务酒店：入库成功
2019-07-30 10:16:42 [root] INFO: 盈科时尚酒店：入库成功
2019-07-30 10:16:42 [root] ERROR: https://ihotel.meituan.com/hbsearch/HotelSearch?utm_medium=pc&limit=20&startDay=20190730&endDay=20190730&cateId=20&attr_28=129&cityId=800&uuid=74BA5310CB502E46768AFF8C2FCFFCD23BB9F81EDB3D518D385A9BB5C2A6E675&version_name=999.9
2019-07-30 10:16:42 [root] INFO: 华辉银泰酒店：入库成功
2019-07-30 10:16:44 [root] INFO: 总共：12,当前页共：20条数据
2019-07-30 10:16:45 [root] ERROR: https://ihotel.meituan.com/hbsearch/HotelSearch?utm_medium=pc&limit=20&startDay=20190730&endDay=20190730&cateId=20&attr_28=129&cityId=923&uuid=74BA5310CB502E46768AFF8C2FCFFCD23BB9F81EDB3D518D385A9BB5C2A6E675&version_name=999.9
2019-07-30 10:17:01 [scrapy.extensions.logstats] INFO: Crawled 446 pages (at 47 pages/min), scraped 348 items (at 37 items/min)
2019-07-30 10:17:10 [root] INFO: 海星酒店：入库成功
2019-07-30 10:17:30 [root] INFO: 小春哥渔家酒店：入库成功
2019-07-30 10:17:41 [root] INFO: 獐岛海赋酒店：入库成功
2019-07-30 10:17:50 [root] INFO: A8商务快捷酒店：入库成功
2019-07-30 10:17:51 [root] INFO: 交通宾馆(客运站店)：入库成功
2019-07-30 10:17:53 [root] INFO: 怡家商务宾馆：入库成功
2019-07-30 10:17:55 [root] INFO: 盛源大酒店：入库成功
2019-07-30 10:17:58 [root] INFO: Flagship：入库成功
2019-07-30 10:17:59 [root] INFO: 新北熊旅温泉饭店：入库成功
2019-07-30 10:18:00 [root] INFO: 福容大饭店(淡水渔人码头馆)：入库成功
2019-07-30 10:18:01 [scrapy.extensions.logstats] INFO: Crawled 456 pages (at 10 pages/min), scraped 358 items (at 10 items/min)
2019-07-30 10:18:01 [root] INFO: 瑞恒酒店：入库成功
2019-07-30 10:18:02 [root] INFO: 红双喜商务酒店：入库成功
2019-07-30 10:18:03 [root] INFO: 建新影院宾馆：入库成功
2019-07-30 10:18:04 [root] INFO: 金鼎·喜盈门大酒店：入库成功
2019-07-30 10:18:05 [root] INFO: 金城宾馆：入库成功
2019-07-30 10:18:07 [root] INFO: 悦来宾馆：入库成功
2019-07-30 10:18:08 [root] INFO: 帝豪假日宾馆：入库成功
2019-07-30 10:18:09 [root] INFO: 名门假日酒店：入库成功
2019-07-30 10:18:10 [root] INFO: 逸家宾馆：入库成功
2019-07-30 10:18:11 [root] INFO: 君悦大酒店：入库成功
2019-07-30 10:18:13 [root] INFO: 新都大酒店：入库成功
2019-07-30 10:18:14 [root] INFO: 飞云宾馆：入库成功
2019-07-30 10:18:15 [root] INFO: 博物奇妙夜民宿：入库成功
2019-07-30 10:18:16 [scrapy.core.downloader.handlers.http11] WARNING: Got data loss in https://hotel.meituan.com/40673956/. If you want to process broken responses set the setting DOWNLOAD_FAIL_ON_DATALOSS = False -- This message won't be shown in further requests
2019-07-30 10:18:18 [root] INFO: 星辉大酒店：入库成功
2019-07-30 10:18:19 [root] INFO: 乐业宾馆：入库成功
2019-07-30 10:18:20 [root] INFO: 天港名都大酒店：入库成功
2019-07-30 10:18:20 [root] INFO: 万友酒店：入库成功
2019-07-30 10:18:23 [root] INFO: 赣榆国际大酒店：入库成功
2019-07-30 10:18:25 [root] INFO: 轻住·日晨宾馆：入库成功
2019-07-30 10:18:27 [root] INFO: 网咖主题宾馆：入库成功
2019-07-30 10:18:28 [root] INFO: 璞玉酒店：入库成功
2019-07-30 10:18:29 [root] INFO: 半岛宾馆：入库成功
2019-07-30 10:18:31 [root] INFO: 金都商务酒店(迎晖路店)：入库成功
2019-07-30 10:18:32 [root] INFO: 杏坛大酒店：入库成功
2019-07-30 10:18:33 [root] INFO: 太子港宾馆：入库成功
2019-07-30 10:18:34 [root] INFO: 维壹电影精品酒店：入库成功
2019-07-30 10:18:36 [root] INFO: 富强国际大酒店：入库成功
2019-07-30 10:18:38 [root] INFO: 旺角时尚酒店：入库成功
2019-07-30 10:18:39 [root] INFO: 华丰宾馆：入库成功
2019-07-30 10:18:40 [root] INFO: 轻住·天增园宾馆：入库成功
2019-07-30 10:18:42 [root] INFO: 冷江电信大楼宾馆：入库成功
2019-07-30 10:18:43 [root] INFO: 卡斯汀主题酒店：入库成功
2019-07-30 10:18:44 [root] INFO: 东航海泰商务精品酒店：入库成功
2019-07-30 10:18:46 [root] INFO: 诺美精品酒店：入库成功
2019-07-30 10:18:48 [root] INFO: 三清山天门山庄：入库成功
2019-07-30 10:18:48 [root] INFO: 三缘客栈：入库成功
2019-07-30 10:18:49 [root] INFO: 纽曼时尚酒店：入库成功
2019-07-30 10:18:52 [root] INFO: 文峰城市酒店(长江店)：入库成功
2019-07-30 10:18:54 [root] INFO: 恋家快捷酒店：入库成功
2019-07-30 10:18:55 [root] INFO: 老兵宾馆：入库成功
2019-07-30 10:18:56 [root] INFO: 新粮贸宾馆：入库成功
2019-07-30 10:18:57 [root] INFO: 7天连锁酒店(阿里陕西路店)：入库成功
2019-07-30 10:18:59 [root] INFO: 金也纳精品酒店：入库成功
2019-07-30 10:18:59 [root] INFO: 和沐霖假日酒店：入库成功
2019-07-30 10:19:01 [root] INFO: 7天连锁酒店(遂宁凯旋下路店)：入库成功
2019-07-30 10:19:01 [scrapy.extensions.logstats] INFO: Crawled 501 pages (at 45 pages/min), scraped 403 items (at 45 items/min)
2019-07-30 10:19:02 [root] INFO: 三清山天伦国际大酒店：入库成功
2019-07-30 10:19:03 [root] INFO: 爱尚家假日宾馆：入库成功
2019-07-30 10:19:05 [root] INFO: 大鹿岛宾馆：入库成功
2019-07-30 10:19:06 [root] INFO: 未来本色酒店(阿富尔连锁酒店)：入库成功
2019-07-30 10:19:07 [root] INFO: 普陀山大酒店：入库成功
2019-07-30 10:19:08 [root] INFO: 轻住·莺都宾馆：入库成功
2019-07-30 10:19:10 [root] INFO: 9+1连锁酒店(青州火车站店)：入库成功
2019-07-30 10:19:10 [root] INFO: 瑞喜登酒店(古城景区王府店)：入库成功
2019-07-30 10:19:13 [root] INFO: 如皋光华国际大酒店：入库成功
2019-07-30 10:19:40 [root] INFO: 金丝楠艺术精品酒店：入库成功
2019-07-30 10:19:55 [root] INFO: 迹墨九间房(三清山风景区店)：入库成功
2019-07-30 10:20:01 [scrapy.extensions.logstats] INFO: Crawled 512 pages (at 11 pages/min), scraped 414 items (at 11 items/min)
2019-07-30 10:20:06 [root] INFO: 万城酒店：入库成功
2019-07-30 10:20:10 [root] INFO: 联诚酒店：入库成功
2019-07-30 10:20:14 [root] INFO: 喜玛拉雅·冈仁波齐酒店：入库成功
2019-07-30 10:20:16 [root] INFO: 绥化盛世华庭大酒店：入库成功
2019-07-30 10:20:16 [root] INFO: 水沐年华温泉酒店：入库成功
2019-07-30 10:20:27 [root] INFO: 归园居民宿：入库成功
2019-07-30 10:20:37 [root] INFO: 盛途影院主题宾馆(肇东店)：入库成功
2019-07-30 10:20:44 [root] INFO: 丹东大鹿岛华鑫酒店：入库成功
2019-07-30 10:20:47 [root] INFO: 辽原大酒店：入库成功
2019-07-30 10:20:47 [root] INFO: 雨顺时尚艺术宾馆(三利店)：入库成功
2019-07-30 10:20:58 [root] INFO: 佳泰连锁商务宾馆(东港店)：入库成功
2019-07-30 10:21:01 [scrapy.extensions.logstats] INFO: Crawled 523 pages (at 11 pages/min), scraped 425 items (at 11 items/min)
2019-07-30 10:21:08 [root] INFO: 华麟大酒店：入库成功
2019-07-30 10:21:14 [root] INFO: 雨顺时尚艺术宾馆(五马路店)：入库成功
2019-07-30 10:21:16 [root] INFO: 尚客优连锁酒店(青州火车站店)：入库成功
2019-07-30 10:21:17 [root] INFO: 喜玛拉雅·普兰酒店：入库成功
2019-07-30 10:21:19 [root] INFO: 东港宾馆：入库成功
2019-07-30 10:21:28 [root] INFO: 辽原宾馆：入库成功
2019-07-30 10:21:34 [root] INFO: 维尼斯风尚酒店：入库成功
2019-07-30 10:21:37 [root] INFO: 宜家快捷宾馆(总店)：入库成功
2019-07-30 10:21:40 [root] INFO: 御湖美墅酒店：入库成功
2019-07-30 10:21:41 [root] INFO: 城市便捷酒店(眉山万达广场店)：入库成功
2019-07-30 10:21:42 [root] INFO: 三清山锦琛山庄：入库成功
2019-07-30 10:21:44 [root] INFO: 金都大酒店：入库成功
2019-07-30 10:21:45 [root] INFO: 良通商务宾馆：入库成功
2019-07-30 10:21:46 [root] INFO: 格林豪泰酒店(中交美庐城店)：入库成功
2019-07-30 10:21:48 [root] INFO: 爱尚摩登假日酒店：入库成功
2019-07-30 10:21:49 [root] INFO: 爱回家时尚宾馆：入库成功
2019-07-30 10:21:51 [root] INFO: 莫林风尚酒店(冷水江锑都店)：入库成功
2019-07-30 10:21:52 [root] INFO: 天佑假日酒店：入库成功
2019-07-30 10:21:54 [root] INFO: 九号公寓：入库成功
2019-07-30 10:21:54 [root] INFO: 如皋亿圆快捷酒店：入库成功
2019-07-30 10:21:56 [root] INFO: 博尼尔国际大酒店：入库成功
2019-07-30 10:21:58 [root] INFO: 速8酒店(遂宁西山北路一品天下店)：入库成功
2019-07-30 10:21:58 [root] INFO: 大象自助连锁酒店：入库成功
2019-07-30 10:21:59 [root] INFO: 都市118连锁酒店(东关路店)：入库成功
2019-07-30 10:22:00 [root] INFO: 橘子树水晶主题酒店(音乐喷泉盖丽店)：入库成功
2019-07-30 10:22:01 [scrapy.extensions.logstats] INFO: Crawled 548 pages (at 25 pages/min), scraped 450 items (at 25 items/min)
2019-07-30 10:22:01 [root] INFO: 锦都南星宾馆(三清山道家主题店)：入库成功
2019-07-30 10:22:01 [root] INFO: 如家酒店(绥化火车站店)：入库成功
2019-07-30 10:22:29 [root] INFO: 安达柏丰酒店：入库成功
2019-07-30 10:22:48 [root] INFO: 佳片有约酒店(火车站店)：入库成功
2019-07-30 10:22:59 [root] INFO: 如家商旅酒店(丹东东港北高铁站店)：入库成功
2019-07-30 10:23:01 [scrapy.extensions.logstats] INFO: Crawled 553 pages (at 5 pages/min), scraped 455 items (at 5 items/min)
2019-07-30 10:23:08 [root] INFO: 三清山乐雅快捷酒店：入库成功
2019-07-30 10:23:12 [root] INFO: 维多利亚国际酒店(冷江店)：入库成功
2019-07-30 10:23:14 [root] INFO: 仙境美地梦幻酒店(如皋店)：入库成功
2019-07-30 10:23:15 [root] INFO: 17舍河畔·泳池温泉精品酒店：入库成功
2019-07-30 10:23:16 [root] INFO: 万运国际酒店：入库成功
2019-07-30 10:23:18 [root] INFO: 富丽连锁酒店(广场西路店)：入库成功
2019-07-30 10:23:19 [root] INFO: 维也纳酒店(如皋正翔广场店)：入库成功
2019-07-30 10:23:19 [root] INFO: 蝶恋情侣主题酒店：入库成功
2019-07-30 10:23:35 [root] INFO: 紫驿精品主题酒店(华中路时代广场总店)：入库成功
2019-07-30 10:23:54 [root] INFO: 三清山喜莱登国际酒店：入库成功
2019-07-30 10:24:00 [root] INFO: 金港明珠商务宾馆：入库成功
2019-07-30 10:24:01 [scrapy.extensions.logstats] INFO: Crawled 564 pages (at 11 pages/min), scraped 466 items (at 11 items/min)
2019-07-30 10:24:06 [root] INFO: 连云港金苑大酒店：入库成功
2019-07-30 10:24:08 [root] INFO: 香榭酒店(阿富尔连锁酒店)：入库成功
2019-07-30 10:24:09 [root] INFO: 维也纳酒店(青州古城店)：入库成功
2019-07-30 10:24:10 [root] INFO: 眉山阳光海湾商务酒店：入库成功
2019-07-30 10:24:11 [root] INFO: 双鸭山松江国际大酒店：入库成功
2019-07-30 10:24:12 [root] INFO: 梦百合零压精品酒店：入库成功
2019-07-30 10:24:13 [root] INFO: 三清山日上山庄：入库成功
2019-07-30 10:24:14 [root] INFO: 狮泉河镇如家招待所：入库成功
2019-07-30 10:24:16 [root] INFO: 丹东北黄海温泉度假酒店：入库成功
2019-07-30 10:24:17 [root] INFO: 遂宁宁舍精品酒店：入库成功
2019-07-30 10:24:19 [root] INFO: 99旅馆连锁(连云港赣榆观澜国际店)：入库成功
2019-07-30 10:24:20 [root] INFO: 不舍生活酒店：入库成功
2019-07-30 10:24:21 [root] INFO: 品.未迟人文酒店：入库成功
2019-07-30 10:24:22 [root] INFO: 尚客优快捷酒店(连云港赣榆汽车总站店)：入库成功
2019-07-30 10:24:34 [root] INFO: 港汇精品公寓(体育场店)：入库成功
2019-07-30 10:24:41 [root] INFO: 尚客优精选酒店(青州古城南门店)：入库成功
2019-07-30 10:24:45 [root] INFO: 速8酒店(粼江风景店)：入库成功
2019-07-30 10:24:48 [root] INFO: 维也纳酒店(如皋汽车站店)：入库成功
2019-07-30 10:24:49 [root] INFO: 如家酒店·neo(连云港赣榆华中路时代广场店)：入库成功
2019-07-30 10:24:51 [root] INFO: 米高时尚酒店(青州古城店)：入库成功
2019-07-30 10:24:53 [root] INFO: 维也纳国际酒店(青州宋城古城店)：入库成功
2019-07-30 10:24:54 [root] INFO: 速8酒店(如皋海阳路店)：入库成功
2019-07-30 10:24:56 [root] INFO: 7天连锁酒店(遂宁大英中国死海景区店)：入库成功
2019-07-30 10:24:57 [root] INFO: 三清山开元度假村：入库成功
2019-07-30 10:24:58 [root] INFO: 非繁·紫曼酒店(青州古城店)：入库成功
2019-07-30 10:24:59 [root] INFO: 如家酒店(眉山高铁东站沃尔玛店)：入库成功
2019-07-30 10:25:01 [root] INFO: 尚客优快捷酒店(南通如皋大司马桥店)：入库成功
2019-07-30 10:25:01 [scrapy.extensions.logstats] INFO: Crawled 591 pages (at 27 pages/min), scraped 493 items (at 27 items/min)
2019-07-30 10:25:02 [root] INFO: 水世界洗浴休闲娱乐会馆(酒店部)：入库成功
2019-07-30 10:25:03 [root] INFO: 如家酒店(眉山彭山伟业广场锦江大学店)：入库成功
2019-07-30 10:25:04 [root] INFO: 汉庭(双鸭山火车站店)(原新兴大街店)：入库成功
2019-07-30 10:25:05 [root] INFO: 格林豪泰商务酒店(如皋汽车站客运中心店)：入库成功
2019-07-30 10:25:06 [root] INFO: 格林豪泰快捷酒店(南通如皋江安鑫江安广场店)：入库成功
2019-07-30 10:25:08 [root] INFO: 青州街客快捷酒店(火车站店)：入库成功
2019-07-30 10:25:08 [root] INFO: Coloroom甲间酒店(遂宁南转盘店)：入库成功
2019-07-30 10:25:34 [root] INFO: 7天连锁酒店(遂宁吉祥大厦店)：入库成功
2019-07-30 10:25:55 [root] INFO: 7天优品酒店(连云港赣榆东关路深港步行街店)：入库成功
2019-07-30 10:26:01 [scrapy.extensions.logstats] INFO: Crawled 600 pages (at 9 pages/min), scraped 502 items (at 9 items/min)
2019-07-30 10:26:04 [root] INFO: 三清山希尔顿度假酒店：入库成功
2019-07-30 10:26:08 [root] INFO: 金巢时尚宾馆：入库成功
2019-07-30 10:26:09 [root] INFO: 梦之岛金品酒店(武陵商业广场店)：入库成功
2019-07-30 10:26:11 [root] INFO: 一山一舍客栈：入库成功
2019-07-30 10:26:12 [root] INFO: 尚客优精选酒店(遂宁船山鼎盛国际店)：入库成功
2019-07-30 10:26:13 [root] INFO: 都市118连锁酒店(青州大润发古宋城店)：入库成功
2019-07-30 10:26:14 [root] INFO: 贝壳酒店(潍坊青州古城南门店)：入库成功
2019-07-30 10:26:15 [root] INFO: 时代商务酒店：入库成功
2019-07-30 10:26:16 [root] INFO: 莫林风尚酒店(冷水江沿江路店)：入库成功
2019-07-30 10:26:18 [root] INFO: 瑞喜登客房(古城景区瓜市店)：入库成功
2019-07-30 10:26:19 [root] INFO: 尚客优快捷酒店(青州大润发古城旅游景区店)：入库成功
2019-07-30 10:26:20 [root] INFO: 如家酒店(丹东东港客运站老黄海大市场店)：入库成功
2019-07-30 10:26:21 [root] INFO: 逸程智选酒店(冷水江广场路店)：入库成功
2019-07-30 10:26:23 [root] INFO: 如家酒店(青州云门山景区古城范公亭路店)：入库成功
2019-07-30 10:26:24 [root] INFO: 冷水江武陵城酒店：入库成功
2019-07-30 10:26:25 [root] INFO: IU酒店(眉山三苏祠雕像广场追梦城店)：入库成功
2019-07-30 10:26:26 [root] INFO: 汉庭(连云港赣榆时代广场店)(原杭州湾大酒店)：入库成功
2019-07-30 10:26:27 [root] INFO: 尚客优快捷酒店(连云港赣榆镇海西路奥邦城店)：入库成功
2019-07-30 10:26:28 [root] INFO: 维也纳国际酒店(遂宁健坤城店)：入库成功
2019-07-30 10:26:29 [root] INFO: 博凯景观酒店(遂宁国际会展中心万达广场店)：入库成功
2019-07-30 10:26:30 [root] INFO: 时代100假日酒店：入库成功
