2019-08-12 16:45:35 [scrapy.utils.log] INFO: Scrapy 1.5.0 started (bot: tbShop)
2019-08-12 16:45:35 [scrapy.utils.log] INFO: Versions: lxml 4.2.1.0, libxml2 2.9.5, cssselect 1.0.3, parsel 1.4.0, w3lib 1.19.0, Twisted 18.4.0, Python 3.5.3 (v3.5.3:1880cb95a742, Jan 16 2017, 16:02:32) [MSC v.1900 64 bit (AMD64)], pyOpenSSL 18.0.0 (OpenSSL 1.1.0h  27 Mar 2018), cryptography 2.2.2, Platform Windows-7-6.1.7601-SP1
2019-08-12 16:45:35 [scrapy.crawler] INFO: Overridden settings: {'AUTOTHROTTLE_START_DELAY': 3, 'NEWSPIDER_MODULE': 'tbShop.spiders', 'LOG_FILE': 'tbshop.log', 'DOWNLOAD_DELAY': 100, 'CONCURRENT_REQUESTS': 2, 'AUTOTHROTTLE_ENABLED': True, 'LOG_LEVEL': 'INFO', 'BOT_NAME': 'tbShop', 'SPIDER_MODULES': ['tbShop.spiders']}
2019-08-12 16:45:35 [scrapy.middleware] INFO: Enabled extensions:
['scrapy.extensions.logstats.LogStats',
 'scrapy.extensions.telnet.TelnetConsole',
 'scrapy.extensions.throttle.AutoThrottle',
 'scrapy.extensions.corestats.CoreStats']
2019-08-12 16:45:36 [scrapy.middleware] INFO: Enabled downloader middlewares:
['scrapy.downloadermiddlewares.httpauth.HttpAuthMiddleware',
 'scrapy.downloadermiddlewares.downloadtimeout.DownloadTimeoutMiddleware',
 'scrapy.downloadermiddlewares.defaultheaders.DefaultHeadersMiddleware',
 'scrapy.downloadermiddlewares.useragent.UserAgentMiddleware',
 'scrapy.downloadermiddlewares.retry.RetryMiddleware',
 'scrapy.downloadermiddlewares.redirect.MetaRefreshMiddleware',
 'scrapy.downloadermiddlewares.httpcompression.HttpCompressionMiddleware',
 'scrapy.downloadermiddlewares.redirect.RedirectMiddleware',
 'scrapy.downloadermiddlewares.cookies.CookiesMiddleware',
 'scrapy.downloadermiddlewares.httpproxy.HttpProxyMiddleware',
 'scrapy.downloadermiddlewares.stats.DownloaderStats']
2019-08-12 16:45:36 [scrapy.middleware] INFO: Enabled spider middlewares:
['scrapy.spidermiddlewares.httperror.HttpErrorMiddleware',
 'scrapy.spidermiddlewares.offsite.OffsiteMiddleware',
 'scrapy.spidermiddlewares.referer.RefererMiddleware',
 'scrapy.spidermiddlewares.urllength.UrlLengthMiddleware',
 'scrapy.spidermiddlewares.depth.DepthMiddleware']
2019-08-12 16:45:36 [scrapy.middleware] INFO: Enabled item pipelines:
['tbShop.pipelines.TbshopPipeline']
2019-08-12 16:45:36 [scrapy.core.engine] INFO: Spider opened
2019-08-12 16:45:36 [scrapy.extensions.logstats] INFO: Crawled 0 pages (at 0 pages/min), scraped 0 items (at 0 items/min)
2019-08-12 16:45:36 [root] INFO: 0:{'city': '石家庄,21', 'province': '河北,20', 'SecondCate': '卷发器', 'FirstCate': '家电'}
2019-08-12 16:46:01 [root] ERROR: 词条获取失败：{'city': '石家庄,21', 'province': '河北,20', 'SecondCate': '卷发器', 'FirstCate': '家电'}
2019-08-12 16:46:01 [root] INFO: 【https://shopsearch.taobao.com/search?style=grid&js=1&initiative_id=staobaoz_20190627&loc=%E7%9F%B3%E5%AE%B6%E5%BA%84&q=%E5%AE%B6%E7%94%B5+%E5%8D%B7%E5%8F%91%E5%99%A8&ie=utf8】共：0页
2019-08-12 16:46:01 [scrapy.core.engine] INFO: Closing spider (finished)
2019-08-12 16:46:01 [scrapy.statscollectors] INFO: Dumping Scrapy stats:
{'downloader/request_bytes': 391,
 'downloader/request_count': 1,
 'downloader/request_method_count/GET': 1,
 'downloader/response_bytes': 34512,
 'downloader/response_count': 1,
 'downloader/response_status_count/200': 1,
 'finish_reason': 'finished',
 'finish_time': datetime.datetime(2019, 8, 12, 8, 46, 1, 549933),
 'log_count/ERROR': 1,
 'log_count/INFO': 9,
 'response_received_count': 1,
 'scheduler/dequeued': 1,
 'scheduler/dequeued/memory': 1,
 'scheduler/enqueued': 1,
 'scheduler/enqueued/memory': 1,
 'start_time': datetime.datetime(2019, 8, 12, 8, 45, 36, 255486)}
2019-08-12 16:46:01 [scrapy.core.engine] INFO: Spider closed (finished)
2019-08-12 16:46:32 [scrapy.utils.log] INFO: Scrapy 1.5.0 started (bot: tbShop)
2019-08-12 16:46:32 [scrapy.utils.log] INFO: Versions: lxml 4.2.1.0, libxml2 2.9.5, cssselect 1.0.3, parsel 1.4.0, w3lib 1.19.0, Twisted 18.4.0, Python 3.5.3 (v3.5.3:1880cb95a742, Jan 16 2017, 16:02:32) [MSC v.1900 64 bit (AMD64)], pyOpenSSL 18.0.0 (OpenSSL 1.1.0h  27 Mar 2018), cryptography 2.2.2, Platform Windows-7-6.1.7601-SP1
2019-08-12 16:46:32 [scrapy.crawler] INFO: Overridden settings: {'NEWSPIDER_MODULE': 'tbShop.spiders', 'LOG_FILE': 'tbshop.log', 'SPIDER_MODULES': ['tbShop.spiders'], 'BOT_NAME': 'tbShop', 'AUTOTHROTTLE_START_DELAY': 3, 'DOWNLOAD_DELAY': 100, 'CONCURRENT_REQUESTS': 2, 'AUTOTHROTTLE_ENABLED': True, 'LOG_LEVEL': 'INFO'}
2019-08-12 16:46:32 [scrapy.middleware] INFO: Enabled extensions:
['scrapy.extensions.corestats.CoreStats',
 'scrapy.extensions.telnet.TelnetConsole',
 'scrapy.extensions.logstats.LogStats',
 'scrapy.extensions.throttle.AutoThrottle']
2019-08-12 16:46:33 [scrapy.middleware] INFO: Enabled downloader middlewares:
['scrapy.downloadermiddlewares.httpauth.HttpAuthMiddleware',
 'scrapy.downloadermiddlewares.downloadtimeout.DownloadTimeoutMiddleware',
 'scrapy.downloadermiddlewares.defaultheaders.DefaultHeadersMiddleware',
 'scrapy.downloadermiddlewares.useragent.UserAgentMiddleware',
 'scrapy.downloadermiddlewares.retry.RetryMiddleware',
 'scrapy.downloadermiddlewares.redirect.MetaRefreshMiddleware',
 'scrapy.downloadermiddlewares.httpcompression.HttpCompressionMiddleware',
 'scrapy.downloadermiddlewares.redirect.RedirectMiddleware',
 'scrapy.downloadermiddlewares.cookies.CookiesMiddleware',
 'scrapy.downloadermiddlewares.httpproxy.HttpProxyMiddleware',
 'scrapy.downloadermiddlewares.stats.DownloaderStats']
2019-08-12 16:46:33 [scrapy.middleware] INFO: Enabled spider middlewares:
['scrapy.spidermiddlewares.httperror.HttpErrorMiddleware',
 'scrapy.spidermiddlewares.offsite.OffsiteMiddleware',
 'scrapy.spidermiddlewares.referer.RefererMiddleware',
 'scrapy.spidermiddlewares.urllength.UrlLengthMiddleware',
 'scrapy.spidermiddlewares.depth.DepthMiddleware']
2019-08-12 16:46:33 [scrapy.middleware] INFO: Enabled item pipelines:
['tbShop.pipelines.TbshopPipeline']
2019-08-12 16:46:33 [scrapy.core.engine] INFO: Spider opened
2019-08-12 16:46:33 [scrapy.extensions.logstats] INFO: Crawled 0 pages (at 0 pages/min), scraped 0 items (at 0 items/min)
2019-08-12 16:46:33 [root] INFO: 0:{'FirstCate': '家电', 'SecondCate': '卷发器', 'city': '石家庄,21', 'province': '河北,20'}
2019-08-12 16:47:08 [root] ERROR: 词条获取失败：{'FirstCate': '家电', 'SecondCate': '卷发器', 'city': '石家庄,21', 'province': '河北,20'}
2019-08-12 16:47:08 [root] INFO: 【https://shopsearch.taobao.com/search?style=grid&ie=utf8&js=1&loc=%E7%9F%B3%E5%AE%B6%E5%BA%84&initiative_id=staobaoz_20190627&q=%E5%AE%B6%E7%94%B5+%E5%8D%B7%E5%8F%91%E5%99%A8】共：0页
2019-08-12 16:47:08 [scrapy.core.engine] INFO: Closing spider (finished)
2019-08-12 16:47:08 [scrapy.statscollectors] INFO: Dumping Scrapy stats:
{'downloader/request_bytes': 391,
 'downloader/request_count': 1,
 'downloader/request_method_count/GET': 1,
 'downloader/response_bytes': 34519,
 'downloader/response_count': 1,
 'downloader/response_status_count/200': 1,
 'finish_reason': 'finished',
 'finish_time': datetime.datetime(2019, 8, 12, 8, 47, 8, 703774),
 'log_count/ERROR': 1,
 'log_count/INFO': 9,
 'response_received_count': 1,
 'scheduler/dequeued': 1,
 'scheduler/dequeued/memory': 1,
 'scheduler/enqueued': 1,
 'scheduler/enqueued/memory': 1,
 'start_time': datetime.datetime(2019, 8, 12, 8, 46, 33, 377754)}
2019-08-12 16:47:08 [scrapy.core.engine] INFO: Spider closed (finished)
